<?xml version="1.0" encoding="UTF-8"?>
<!-- Generated by org.testng.reporters.JUnitReportReporter -->
<testsuite skipped="0" hostname="USHYDUJMAHATO3" name="LoginTests.LoginTest" tests="3" failures="0" timestamp="30 Dec 2020 05:27:13 GMT" time="20.494" errors="0">
  <testcase name="testOne" time="20.341" classname="LoginTests.LoginTest"/>
  <testcase name="testThree" time="0.078" classname="LoginTests.LoginTest"/>
  <testcase name="testTwo" time="0.075" classname="LoginTests.LoginTest"/>
</testsuite> <!-- LoginTests.LoginTest -->
